This is XeTeX, Version 3.14159265-2.6-0.99991 (TeX Live 2014) (preloaded format=xelatex 2015.5.16)  22 MAY 2015 20:33
entering extended mode
 restricted \write18 enabled.
 %&-line parsing enabled.
**leis-exemplo
(./leis-exemplo.tex
LaTeX2e <2014/05/01>
Babel <3.9k> and hyphenation patterns for 78 languages loaded.
(./br-lex.cls
Document Class: br-lex 22/04/2015 v. 0.1 Beta
(/usr/local/texlive/2014/texmf-dist/tex/latex/koma-script/scrbook.cls
Document Class: scrbook 2013/12/19 v3.12 KOMA-Script document class (book)
(/usr/local/texlive/2014/texmf-dist/tex/latex/koma-script/scrkbase.sty
Package: scrkbase 2013/12/19 v3.12 KOMA-Script package (KOMA-Script-dependent b
asics and keyval usage)

(/usr/local/texlive/2014/texmf-dist/tex/latex/koma-script/scrbase.sty
Package: scrbase 2013/12/19 v3.12 KOMA-Script package (KOMA-Script-independent 
basics and keyval usage)

(/usr/local/texlive/2014/texmf-dist/tex/latex/graphics/keyval.sty
Package: keyval 2014/05/08 v1.15 key=value parser (DPC)
\KV@toks@=\toks14
)
(/usr/local/texlive/2014/texmf-dist/tex/latex/koma-script/scrlfile.sty
Package: scrlfile 2013/12/19 v3.12 KOMA-Script package (loading files)

Package scrlfile, 2013/12/19 v3.12 KOMA-Script package (loading files)
                  Copyright (C) Markus Kohm

))) (/usr/local/texlive/2014/texmf-dist/tex/latex/koma-script/tocbasic.sty
Package: tocbasic 2013/12/19 v3.12 KOMA-Script package (handling toc-files)
)
Package tocbasic Info: omitting babel extension for `toc'
(tocbasic)             because of feature `nobabel' available
(tocbasic)             for `toc' on input line 117.
Package tocbasic Info: omitting babel extension for `lof'
(tocbasic)             because of feature `nobabel' available
(tocbasic)             for `lof' on input line 118.
Package tocbasic Info: omitting babel extension for `lot'
(tocbasic)             because of feature `nobabel' available
(tocbasic)             for `lot' on input line 119.
Package tocbasic Info: defining new hook before heading of `' on input line 111
8.
Class scrbook Info: File `scrsize11pt.clo' used instead of
(scrbook)           file `scrsize11.clo' to setup font sizes on input line 1655
.

(/usr/local/texlive/2014/texmf-dist/tex/latex/koma-script/scrsize11pt.clo
File: scrsize11pt.clo 2013/12/19 v3.12 KOMA-Script font size class option (11pt
)
)
(/usr/local/texlive/2014/texmf-dist/tex/latex/koma-script/typearea.sty
Package: typearea 2013/12/19 v3.12 KOMA-Script package (type area)

Package typearea, 2013/12/19 v3.12 KOMA-Script package (type area)
                  Copyright (C) Frank Neukam, 1992-1994
                  Copyright (C) Markus Kohm, 1994-

\ta@bcor=\skip41
\ta@div=\count80
Package typearea Info: You've used standard option `a4paper'.
(typearea)             This is correct!
(typearea)             Internally I'm using `paper=a4'.
(typearea)             If you'd like to set the option with \KOMAoptions,
(typearea)             you'd have to use `paper=a4' there
(typearea)             instead of `a4paper', too.
\ta@hblk=\skip42
\ta@vblk=\skip43
\ta@temp=\skip44
\footheight=\skip45
Package typearea Info: These are the values describing the layout:
(typearea)             DIV  = 10
(typearea)             BCOR = 0.0pt
(typearea)             \paperwidth      = 597.50793pt
(typearea)              \textwidth      = 418.25555pt
(typearea)              DIV departure   = -6%
(typearea)              \evensidemargin = 47.2316pt
(typearea)              \oddsidemargin  = -12.5192pt
(typearea)             \paperheight     = 845.04694pt
(typearea)              \textheight     = 595.80026pt
(typearea)              \topmargin      = -25.16531pt
(typearea)              \headheight     = 17.0pt
(typearea)              \headsep        = 20.40001pt
(typearea)              \topskip        = 11.0pt
(typearea)              \footskip       = 47.6pt
(typearea)              \baselineskip   = 13.6pt
(typearea)              on input line 1330.
)
\c@part=\count81
\c@chapter=\count82
\c@section=\count83
\c@subsection=\count84
\c@subsubsection=\count85
\c@paragraph=\count86
\c@subparagraph=\count87
\abovecaptionskip=\skip46
\belowcaptionskip=\skip47
\c@pti@nb@sid@b@x=\box26
\c@figure=\count88
\c@table=\count89
\bibindent=\dimen102
) (/usr/local/texlive/2014/texmf-dist/tex/latex/enumitem/enumitem.sty
Package: enumitem 2011/09/28 v3.5.2 Customized lists
\labelindent=\skip48
\enit@outerparindent=\dimen103
\enit@toks=\toks15
\enit@inbox=\box27
\enitdp@description=\count90
)
(/usr/local/texlive/2014/texmf-dist/tex/latex/tools/indentfirst.sty
Package: indentfirst 1995/11/23 v1.03 Indent first paragraph (DPC)
)
(/usr/local/texlive/2014/texmf-dist/tex/latex/easylist/easylist.sty
Package: easylist 2014/01/11 v.1.4 Numbered items with a single command.
\el@CounterTotal=\count91
\el@Scratch=\count92
\el@ControlCounter=\count93
\el@CounterLevel=\count94
\c@List1=\count95
\c@List2=\count96
\c@List3=\count97
\c@List4=\count98
\c@List5=\count99
\c@List6=\count100
\c@List7=\count101
\c@List8=\count102
\c@List9=\count103
\c@List10=\count104
\el@ProgressiveDimension=\dimen104
\el@CounterBox=\box28
\el@ControlBox=\box29
\el@TotalMargin=\dimen105
\el@LeftMove=\dimen106
)
(/usr/local/texlive/2014/texmf-dist/tex/generic/ulem/ulem.sty
\UL@box=\box30
\UL@hyphenbox=\box31
\UL@skip=\skip49
\UL@hook=\toks16
\UL@height=\dimen107
\UL@pe=\count105
\UL@pixel=\dimen108
\ULC@box=\box32
Package: ulem 2012/05/18
\ULdepth=\dimen109
)
Package scrkbase Info: You've told me to extend the font selection of the
(scrkbase)             element `pagehead' that is an alias of element
(scrkbase)             `pageheadfoot' on input line 15.

(/usr/local/texlive/2014/texmf-dist/tex/latex/nowidow/nowidow.sty
Package: nowidow 2011/09/20 1.0 Easily prevent widows and orphans
Package: nowidow 

(/usr/local/texlive/2014/texmf-dist/tex/latex/oberdiek/kvoptions.sty
Package: kvoptions 2011/06/30 v3.11 Key value format for package options (HO)

(/usr/local/texlive/2014/texmf-dist/tex/generic/oberdiek/ltxcmds.sty
Package: ltxcmds 2011/11/09 v1.22 LaTeX kernel commands for general use (HO)
)
(/usr/local/texlive/2014/texmf-dist/tex/generic/oberdiek/kvsetkeys.sty
Package: kvsetkeys 2012/04/25 v1.16 Key value parser (HO)

(/usr/local/texlive/2014/texmf-dist/tex/generic/oberdiek/infwarerr.sty
Package: infwarerr 2010/04/08 v1.3 Providing info/warning/error messages (HO)
)
(/usr/local/texlive/2014/texmf-dist/tex/generic/oberdiek/etexcmds.sty
Package: etexcmds 2011/02/16 v1.5 Avoid name clashes with e-TeX commands (HO)

(/usr/local/texlive/2014/texmf-dist/tex/generic/oberdiek/ifluatex.sty
Package: ifluatex 2010/03/01 v1.3 Provides the ifluatex switch (HO)
Package ifluatex Info: LuaTeX not detected.
)
Package etexcmds Info: Could not find \expanded.
(etexcmds)             That can mean that you are not using pdfTeX 1.50 or
(etexcmds)             that some package has redefined \expanded.
(etexcmds)             In the latter case, load this package earlier.
))))
(/usr/local/texlive/2014/texmf-dist/tex/generic/ifxetex/ifxetex.sty
Package: ifxetex 2010/09/12 v0.6 Provides ifxetex conditional
)
(/usr/local/texlive/2014/texmf-dist/tex/latex/fontspec/fontspec.sty
Package: fontspec 2013/05/20 v2.3c Font selection for XeLaTeX and LuaLaTeX

(/usr/local/texlive/2014/texmf-dist/tex/latex/l3kernel/expl3.sty
Package: expl3 2014/05/20 v4814 L3 programming layer (loader) 

(/usr/local/texlive/2014/texmf-dist/tex/generic/oberdiek/ifpdf.sty
Package: ifpdf 2011/01/30 v2.3 Provides the ifpdf switch (HO)
Package ifpdf Info: pdfTeX in PDF mode is not detected.
)
(/usr/local/texlive/2014/texmf-dist/tex/latex/l3kernel/expl3-code.tex
Package: expl3 2014/05/20 v4814 L3 programming layer (code) 
L3 Module: l3bootstrap 2014/05/16 v4782 L3 Bootstrap code

(/usr/local/texlive/2014/texmf-dist/tex/latex/etex-pkg/etex.sty
Package: etex 1998/03/26 v2.0 eTeX basic definition package (PEB)
\et@xins=\count106
)
L3 Module: l3names 2014/05/04 v4728 L3 Namespace for primitives
L3 Module: l3basics 2014/05/04 v4728 L3 Basic definitions
L3 Module: l3expan 2014/04/30 v4712 L3 Argument expansion
L3 Module: l3tl 2014/05/04 v4728 L3 Token lists
L3 Module: l3seq 2014/04/30 v4712 L3 Sequences and stacks
L3 Module: l3int 2014/05/16 v4776 L3 Integers
\c_max_int=\count107
\l_tmpa_int=\count108
\l_tmpb_int=\count109
\g_tmpa_int=\count110
\g_tmpb_int=\count111
L3 Module: l3quark 2014/05/04 v4728 L3 Quarks
L3 Module: l3prg 2014/05/04 v4728 L3 Control structures
\g__prg_map_int=\count112
L3 Module: l3clist 2014/05/04 v4728 L3 Comma separated lists
L3 Module: l3token 2014/05/04 v4728 L3 Experimental token manipulation
L3 Module: l3prop 2014/04/30 v4712 L3 Property lists
L3 Module: l3msg 2014/05/04 v4728 L3 Messages
L3 Module: l3file 2014/05/05 v4737 L3 File and I/O operations
\l_iow_line_count_int=\count113
\l__iow_target_count_int=\count114
\l__iow_current_line_int=\count115
\l__iow_current_word_int=\count116
\l__iow_current_indentation_int=\count117
L3 Module: l3skip 2014/05/05 v4738 L3 Dimensions and skips
\c_zero_dim=\dimen110
\c_max_dim=\dimen111
\l_tmpa_dim=\dimen112
\l_tmpb_dim=\dimen113
\g_tmpa_dim=\dimen114
\g_tmpb_dim=\dimen115
\c_zero_skip=\skip50
\c_max_skip=\skip51
\l_tmpa_skip=\skip52
\l_tmpb_skip=\skip53
\g_tmpa_skip=\skip54
\g_tmpb_skip=\skip55
\c_zero_muskip=\muskip10
\c_max_muskip=\muskip11
\l_tmpa_muskip=\muskip12
\l_tmpb_muskip=\muskip13
\g_tmpa_muskip=\muskip14
\g_tmpb_muskip=\muskip15
L3 Module: l3keys 2014/05/08 v4753 L3 Key-value interfaces
\g__keyval_level_int=\count118
\l_keys_choice_int=\count119
L3 Module: l3fp 2014/04/30 v4712 L3 Floating points
\c__fp_leading_shift_int=\count120
\c__fp_middle_shift_int=\count121
\c__fp_trailing_shift_int=\count122
\c__fp_big_leading_shift_int=\count123
\c__fp_big_middle_shift_int=\count124
\c__fp_big_trailing_shift_int=\count125
\c__fp_Bigg_leading_shift_int=\count126
\c__fp_Bigg_middle_shift_int=\count127
\c__fp_Bigg_trailing_shift_int=\count128
L3 Module: l3box 2014/05/04 v4728 L3 Experimental boxes
\c_empty_box=\box33
\l_tmpa_box=\box34
\l_tmpb_box=\box35
\g_tmpa_box=\box36
\g_tmpb_box=\box37
L3 Module: l3coffins 2014/05/04 v4728 L3 Coffin code layer
\l__coffin_internal_box=\box38
\l__coffin_internal_dim=\dimen116
\l__coffin_offset_x_dim=\dimen117
\l__coffin_offset_y_dim=\dimen118
\l__coffin_x_dim=\dimen119
\l__coffin_y_dim=\dimen120
\l__coffin_x_prime_dim=\dimen121
\l__coffin_y_prime_dim=\dimen122
\c_empty_coffin=\box39
\l__coffin_aligned_coffin=\box40
\l__coffin_aligned_internal_coffin=\box41
\l_tmpa_coffin=\box42
\l_tmpb_coffin=\box43
\l__coffin_display_coffin=\box44
\l__coffin_display_coord_coffin=\box45
\l__coffin_display_pole_coffin=\box46
\l__coffin_display_offset_dim=\dimen123
\l__coffin_display_x_dim=\dimen124
\l__coffin_display_y_dim=\dimen125
L3 Module: l3color 2014/04/30 v4712 L3 Experimental color support
L3 Module: l3luatex 2014/04/30 v4712 L3 Experimental LuaTeX-specific functions
\g__cctab_allocate_int=\count129
\g__cctab_stack_int=\count130
L3 Module: l3candidates 2014/05/04 v4734 L3 Experimental additions to l3kernel
\l__box_top_dim=\dimen126
\l__box_bottom_dim=\dimen127
\l__box_left_dim=\dimen128
\l__box_right_dim=\dimen129
\l__box_top_new_dim=\dimen130
\l__box_bottom_new_dim=\dimen131
\l__box_left_new_dim=\dimen132
\l__box_right_new_dim=\dimen133
\l__box_internal_box=\box47
\l__coffin_bounding_shift_dim=\dimen134
\l__coffin_left_corner_dim=\dimen135
\l__coffin_right_corner_dim=\dimen136
\l__coffin_bottom_corner_dim=\dimen137
\l__coffin_top_corner_dim=\dimen138
\l__coffin_scaled_total_height_dim=\dimen139
\l__coffin_scaled_width_dim=\dimen140
))
(/usr/local/texlive/2014/texmf-dist/tex/latex/l3packages/xparse/xparse.sty
Package: xparse 2014/05/05 v4740 L3 Experimental document command parser
\l__xparse_current_arg_int=\count131
\l__xparse_m_args_int=\count132
\l__xparse_mandatory_args_int=\count133
\l__xparse_processor_int=\count134
\l__xparse_v_nesting_int=\count135
)
\l_fontspec_script_int=\count136
\l_fontspec_language_int=\count137
\l_fontspec_strnum_int=\count138
\l_fontspec_tmpa_dim=\dimen141
\l_fontspec_tmpb_dim=\dimen142
\l_fontspec_tmpc_dim=\dimen143
Variant \tl_gset:cV already defined; not changing it on line 69

(/usr/local/texlive/2014/texmf-dist/tex/latex/fontspec/fontspec-patches.sty
Package: fontspec-patches 2013/05/20 v2.3c Font selection for XeLaTeX and LuaLa
TeX

(/usr/local/texlive/2014/texmf-dist/tex/latex/base/fixltx2e.sty
Package: fixltx2e 2014/05/13 v1.1q fixes to LaTeX
LaTeX Info: Redefining \em on input line 429.
LaTeX Info: Redefining \textsubscript on input line 433.
)
LaTeX Info: Redefining \em on input line 22.
LaTeX Info: Redefining \emph on input line 30.
LaTeX Info: Redefining \- on input line 33.

*************************************************
* LaTeX warning: "xparse/redefine-command"
* 
* Redefining document command \oldstylenums with arg. spec. 'm' on line 128.
*************************************************
.................................................
. LaTeX info: "xparse/define-command"
. 
. Defining document command \liningnums with arg. spec. 'm' on line 132.
.................................................
) (/usr/local/texlive/2014/texmf-dist/tex/latex/fontspec/fontspec-xetex.sty
Package: fontspec-xetex 2013/05/20 v2.3c Font selection for XeLaTeX and LuaLaTe
X

(/usr/local/texlive/2014/texmf-dist/tex/latex/base/fontenc.sty
Package: fontenc 2005/09/27 v1.99g Standard LaTeX package

(/usr/local/texlive/2014/texmf-dist/tex/latex/euenc/eu1enc.def
File: eu1enc.def 2010/05/27 v0.1h Experimental Unicode font encodings
)
LaTeX Font Info:    Try loading font information for EU1+lmr on input line 100.


(/usr/local/texlive/2014/texmf-dist/tex/latex/euenc/eu1lmr.fd
File: eu1lmr.fd 2009/10/30 v1.6 Font defs for Latin Modern
))
(/usr/local/texlive/2014/texmf-dist/tex/xelatex/xunicode/xunicode.sty
File: xunicode.sty 2011/09/09 v0.981 provides access to latin accents and many 
other characters in Unicode lower plane

(/usr/local/texlive/2014/texmf-dist/tex/latex/tipa/t3enc.def
File: t3enc.def 2001/12/31 T3 encoding
LaTeX Font Info:    Try loading font information for EU1+lmss on input line 357
.

(/usr/local/texlive/2014/texmf-dist/tex/latex/euenc/eu1lmss.fd
File: eu1lmss.fd 2009/10/30 v1.6 Font defs for Latin Modern
))
\tipaTiiicode=\count139
\tipasavetokens=\toks17
\tipachecktokens=\toks18

(/usr/local/texlive/2014/texmf-dist/tex/latex/graphics/graphicx.sty
Package: graphicx 2014/04/25 v1.0g Enhanced LaTeX Graphics (DPC,SPQR)

(/usr/local/texlive/2014/texmf-dist/tex/latex/graphics/graphics.sty
Package: graphics 2009/02/05 v1.0o Standard LaTeX Graphics (DPC,SPQR)

(/usr/local/texlive/2014/texmf-dist/tex/latex/graphics/trig.sty
Package: trig 1999/03/16 v1.09 sin cos tan (DPC)
)
(/usr/local/texlive/2014/texmf-dist/tex/latex/latexconfig/graphics.cfg
File: graphics.cfg 2010/04/23 v1.9 graphics configuration of TeX Live
)
Package graphics Info: Driver file: xetex.def on input line 91.

(/usr/local/texlive/2014/texmf-dist/tex/xelatex/xetex-def/xetex.def
File: xetex.def 2014/04/28 v4.01 LaTeX color/graphics driver for XeTeX (RRM/JK)

))
\Gin@req@height=\dimen144
\Gin@req@width=\dimen145
))
.................................................
. LaTeX info: "xparse/define-command"
. 
. Defining document command \fontspec with arg. spec. 'O{}m' on line 41.
.................................................
.................................................
. LaTeX info: "xparse/define-command"
. 
. Defining document command \setmainfont with arg. spec. 'O{}m' on line 46.
.................................................
.................................................
. LaTeX info: "xparse/define-command"
. 
. Defining document command \setsansfont with arg. spec. 'O{}m' on line 51.
.................................................
.................................................
. LaTeX info: "xparse/define-command"
. 
. Defining document command \setmonofont with arg. spec. 'O{}m' on line 56.
.................................................
.................................................
. LaTeX info: "xparse/define-command"
. 
. Defining document command \setmathrm with arg. spec. 'O{}m' on line 65.
.................................................
.................................................
. LaTeX info: "xparse/define-command"
. 
. Defining document command \setboldmathrm with arg. spec. 'O{}m' on line 69.
.................................................
.................................................
. LaTeX info: "xparse/define-command"
. 
. Defining document command \setmathsf with arg. spec. 'O{}m' on line 73.
.................................................
.................................................
. LaTeX info: "xparse/define-command"
. 
. Defining document command \setmathtt with arg. spec. 'O{}m' on line 77.
.................................................
.................................................
. LaTeX info: "xparse/define-command"
. 
. Defining document command \newfontfamily with arg. spec. 'mO{}m' on line 96.
.................................................
.................................................
. LaTeX info: "xparse/define-command"
. 
. Defining document command \newfontface with arg. spec. 'mO{}m' on line 100.
.................................................
.................................................
. LaTeX info: "xparse/define-command"
. 
. Defining document command \defaultfontfeatures with arg. spec. 'om' on line
. 108.
.................................................
.................................................
. LaTeX info: "xparse/define-command"
. 
. Defining document command \addfontfeatures with arg. spec. 'm' on line 144.
.................................................
.................................................
. LaTeX info: "xparse/define-command"
. 
. Defining document command \newfontfeature with arg. spec. 'mm' on line 156.
.................................................
.................................................
. LaTeX info: "xparse/define-command"
. 
. Defining document command \newAATfeature with arg. spec. 'mmmm' on line 164.
.................................................
.................................................
. LaTeX info: "xparse/define-command"
. 
. Defining document command \newICUfeature with arg. spec. 'mmm' on line 172.
.................................................
.................................................
. LaTeX info: "xparse/define-command"
. 
. Defining document command \aliasfontfeature with arg. spec. 'mm' on line
. 201.
.................................................
.................................................
. LaTeX info: "xparse/define-command"
. 
. Defining document command \aliasfontfeatureoption with arg. spec. 'mmm' on
. line 203.
.................................................
.................................................
. LaTeX info: "xparse/define-command"
. 
. Defining document command \newfontscript with arg. spec. 'mm' on line 208.
.................................................
.................................................
. LaTeX info: "xparse/define-command"
. 
. Defining document command \newfontlanguage with arg. spec. 'mm' on line 235.
.................................................
.................................................
. LaTeX info: "xparse/define-command"
. 
. Defining document command \DeclareFontsExtensions with arg. spec. 'm' on
. line 256.
.................................................
Variant \prop_gput:cnV already defined; not changing it on line 582
Variant \prop_gput:cnx already defined; not changing it on line 583
\l_fontspec_tmp_int=\count140
LaTeX Info: Redefining \itshape on input line 2087.
LaTeX Info: Redefining \slshape on input line 2092.
LaTeX Info: Redefining \scshape on input line 2097.
LaTeX Info: Redefining \upshape on input line 2102.

(/usr/local/texlive/2014/texmf-dist/tex/latex/fontspec/fontspec.cfg)))
(/usr/local/texlive/2014/texmf-dist/tex/latex/polyglossia/polyglossia.sty
Package: polyglossia 2014/05/21 v1.33.5 Babel replacement for XeLaTeX and LuaTe
X

(/usr/local/texlive/2014/texmf-dist/tex/latex/etoolbox/etoolbox.sty
Package: etoolbox 2011/01/03 v2.1 e-TeX tools for LaTeX
\etb@tempcnta=\count141
)
(/usr/local/texlive/2014/texmf-dist/tex/latex/makecmds/makecmds.sty
Package: makecmds 2009/09/03 v1.0a extra command making commands
)
(/usr/local/texlive/2014/texmf-dist/tex/latex/xkeyval/xkeyval.sty
Package: xkeyval 2014/05/09 v2.6d package option processing (HA)

(/usr/local/texlive/2014/texmf-dist/tex/generic/xkeyval/xkeyval.tex
\XKV@toks=\toks19
\XKV@tempa@toks=\toks20
\XKV@depth=\count142
File: xkeyval.tex 2014/05/09 v2.6d key=value parser (HA)
))
\xpg@normalclass=\XeTeXintercharclass4
)
(/usr/local/texlive/2014/texmf-dist/tex/latex/polyglossia/gloss-brazil.ldf
File: gloss-brazil.ldf polyglossia: module for portuguese
)
Package polyglossia Info: Default language is brazil.


Class scrbook Warning: Usage of package `titlesec' together
(scrbook)              with a KOMA-Script class is not recommended.
(scrbook)              I'd suggest to use the package only
(scrbook)              if you really need it, because it breaks several
(scrbook)              KOMA-Script features, i.e., option `headings' and
(scrbook)              the extended optional argument of the section
(scrbook)              commands .
(scrbook)              Nevertheless, using requested
(scrbook)              package `titlesec' on input line 59.

(/usr/local/texlive/2014/texmf-dist/tex/latex/titlesec/titlesec.sty
Package: titlesec 2011/12/15 v2.10.0 Sectioning titles
\ttl@box=\box48
\beforetitleunit=\skip56
\aftertitleunit=\skip57
\ttl@plus=\dimen146
\ttl@minus=\dimen147
\ttl@toksa=\toks21
\titlewidth=\dimen148
\titlewidthlast=\dimen149
\titlewidthfirst=\dimen150
)
\c@artigo=\count143
\c@paragrafo=\count144
)
(/usr/local/texlive/2014/texmf-dist/tex/latex/lm/lmodern.sty
Package: lmodern 2009/10/30 v1.6 Latin Modern Fonts
LaTeX Font Info:    Overwriting symbol font `operators' in version `normal'
(Font)                  OT1/cmr/m/n --> OT1/lmr/m/n on input line 22.
LaTeX Font Info:    Overwriting symbol font `letters' in version `normal'
(Font)                  OML/cmm/m/it --> OML/lmm/m/it on input line 23.
LaTeX Font Info:    Overwriting symbol font `symbols' in version `normal'
(Font)                  OMS/cmsy/m/n --> OMS/lmsy/m/n on input line 24.
LaTeX Font Info:    Overwriting symbol font `largesymbols' in version `normal'
(Font)                  OMX/cmex/m/n --> OMX/lmex/m/n on input line 25.
LaTeX Font Info:    Overwriting symbol font `operators' in version `bold'
(Font)                  OT1/cmr/bx/n --> OT1/lmr/bx/n on input line 26.
LaTeX Font Info:    Overwriting symbol font `letters' in version `bold'
(Font)                  OML/cmm/b/it --> OML/lmm/b/it on input line 27.
LaTeX Font Info:    Overwriting symbol font `symbols' in version `bold'
(Font)                  OMS/cmsy/b/n --> OMS/lmsy/b/n on input line 28.
LaTeX Font Info:    Overwriting symbol font `largesymbols' in version `bold'
(Font)                  OMX/cmex/m/n --> OMX/lmex/m/n on input line 29.
LaTeX Font Info:    Overwriting math alphabet `\mathbf' in version `normal'
(Font)                  OT1/cmr/bx/n --> OT1/lmr/bx/n on input line 31.
LaTeX Font Info:    Overwriting math alphabet `\mathsf' in version `normal'
(Font)                  OT1/cmss/m/n --> OT1/lmss/m/n on input line 32.
LaTeX Font Info:    Overwriting math alphabet `\mathit' in version `normal'
(Font)                  OT1/cmr/m/it --> OT1/lmr/m/it on input line 33.
LaTeX Font Info:    Overwriting math alphabet `\mathtt' in version `normal'
(Font)                  OT1/cmtt/m/n --> OT1/lmtt/m/n on input line 34.
LaTeX Font Info:    Overwriting math alphabet `\mathbf' in version `bold'
(Font)                  OT1/cmr/bx/n --> OT1/lmr/bx/n on input line 35.
LaTeX Font Info:    Overwriting math alphabet `\mathsf' in version `bold'
(Font)                  OT1/cmss/bx/n --> OT1/lmss/bx/n on input line 36.
LaTeX Font Info:    Overwriting math alphabet `\mathit' in version `bold'
(Font)                  OT1/cmr/bx/it --> OT1/lmr/bx/it on input line 37.
LaTeX Font Info:    Overwriting math alphabet `\mathtt' in version `bold'
(Font)                  OT1/cmtt/m/n --> OT1/lmtt/m/n on input line 38.
)
(/usr/local/texlive/2014/texmf-dist/tex/latex/fira/FiraSans.sty
Package: FiraSans 2014/03/16 (Bob Tennent and autoinst) Style file for Fira San
s fonts.

(/usr/local/texlive/2014/texmf-dist/tex/latex/base/textcomp.sty
Package: textcomp 2005/09/27 v1.99g Standard LaTeX package
Package textcomp Info: Sub-encoding information:
(textcomp)               5 = only ISO-Adobe without \textcurrency
(textcomp)               4 = 5 + \texteuro
(textcomp)               3 = 4 + \textohm
(textcomp)               2 = 3 + \textestimated + \textcurrency
(textcomp)               1 = TS1 - \textcircled - \t
(textcomp)               0 = TS1 (full)
(textcomp)             Font families with sub-encoding setting implement
(textcomp)             only a restricted character set as indicated.
(textcomp)             Family '?' is the default used for unknown fonts.
(textcomp)             See the documentation for details.
Package textcomp Info: Setting ? sub-encoding to TS1/1 on input line 71.

(/usr/local/texlive/2014/texmf-dist/tex/latex/base/ts1enc.def
File: ts1enc.def 2001/06/05 v3.0e (jk/car/fm) Standard LaTeX file
)
LaTeX Info: Redefining \oldstylenums on input line 266.
Package textcomp Info: Setting cmr sub-encoding to TS1/0 on input line 281.
Package textcomp Info: Setting cmss sub-encoding to TS1/0 on input line 282.
Package textcomp Info: Setting cmtt sub-encoding to TS1/0 on input line 283.
Package textcomp Info: Setting cmvtt sub-encoding to TS1/0 on input line 284.
Package textcomp Info: Setting cmbr sub-encoding to TS1/0 on input line 285.
Package textcomp Info: Setting cmtl sub-encoding to TS1/0 on input line 286.
Package textcomp Info: Setting ccr sub-encoding to TS1/0 on input line 287.
Package textcomp Info: Setting ptm sub-encoding to TS1/4 on input line 288.
Package textcomp Info: Setting pcr sub-encoding to TS1/4 on input line 289.
Package textcomp Info: Setting phv sub-encoding to TS1/4 on input line 290.
Package textcomp Info: Setting ppl sub-encoding to TS1/3 on input line 291.
Package textcomp Info: Setting pag sub-encoding to TS1/4 on input line 292.
Package textcomp Info: Setting pbk sub-encoding to TS1/4 on input line 293.
Package textcomp Info: Setting pnc sub-encoding to TS1/4 on input line 294.
Package textcomp Info: Setting pzc sub-encoding to TS1/4 on input line 295.
Package textcomp Info: Setting bch sub-encoding to TS1/4 on input line 296.
Package textcomp Info: Setting put sub-encoding to TS1/5 on input line 297.
Package textcomp Info: Setting uag sub-encoding to TS1/5 on input line 298.
Package textcomp Info: Setting ugq sub-encoding to TS1/5 on input line 299.
Package textcomp Info: Setting ul8 sub-encoding to TS1/4 on input line 300.
Package textcomp Info: Setting ul9 sub-encoding to TS1/4 on input line 301.
Package textcomp Info: Setting augie sub-encoding to TS1/5 on input line 302.
Package textcomp Info: Setting dayrom sub-encoding to TS1/3 on input line 303.
Package textcomp Info: Setting dayroms sub-encoding to TS1/3 on input line 304.

Package textcomp Info: Setting pxr sub-encoding to TS1/0 on input line 305.
Package textcomp Info: Setting pxss sub-encoding to TS1/0 on input line 306.
Package textcomp Info: Setting pxtt sub-encoding to TS1/0 on input line 307.
Package textcomp Info: Setting txr sub-encoding to TS1/0 on input line 308.
Package textcomp Info: Setting txss sub-encoding to TS1/0 on input line 309.
Package textcomp Info: Setting txtt sub-encoding to TS1/0 on input line 310.
Package textcomp Info: Setting lmr sub-encoding to TS1/0 on input line 311.
Package textcomp Info: Setting lmdh sub-encoding to TS1/0 on input line 312.
Package textcomp Info: Setting lmss sub-encoding to TS1/0 on input line 313.
Package textcomp Info: Setting lmssq sub-encoding to TS1/0 on input line 314.
Package textcomp Info: Setting lmvtt sub-encoding to TS1/0 on input line 315.
Package textcomp Info: Setting qhv sub-encoding to TS1/0 on input line 316.
Package textcomp Info: Setting qag sub-encoding to TS1/0 on input line 317.
Package textcomp Info: Setting qbk sub-encoding to TS1/0 on input line 318.
Package textcomp Info: Setting qcr sub-encoding to TS1/0 on input line 319.
Package textcomp Info: Setting qcs sub-encoding to TS1/0 on input line 320.
Package textcomp Info: Setting qpl sub-encoding to TS1/0 on input line 321.
Package textcomp Info: Setting qtm sub-encoding to TS1/0 on input line 322.
Package textcomp Info: Setting qzc sub-encoding to TS1/0 on input line 323.
Package textcomp Info: Setting qhvc sub-encoding to TS1/0 on input line 324.
Package textcomp Info: Setting futs sub-encoding to TS1/4 on input line 325.
Package textcomp Info: Setting futx sub-encoding to TS1/4 on input line 326.
Package textcomp Info: Setting futj sub-encoding to TS1/4 on input line 327.
Package textcomp Info: Setting hlh sub-encoding to TS1/3 on input line 328.
Package textcomp Info: Setting hls sub-encoding to TS1/3 on input line 329.
Package textcomp Info: Setting hlst sub-encoding to TS1/3 on input line 330.
Package textcomp Info: Setting hlct sub-encoding to TS1/5 on input line 331.
Package textcomp Info: Setting hlx sub-encoding to TS1/5 on input line 332.
Package textcomp Info: Setting hlce sub-encoding to TS1/5 on input line 333.
Package textcomp Info: Setting hlcn sub-encoding to TS1/5 on input line 334.
Package textcomp Info: Setting hlcw sub-encoding to TS1/5 on input line 335.
Package textcomp Info: Setting hlcf sub-encoding to TS1/5 on input line 336.
Package textcomp Info: Setting pplx sub-encoding to TS1/3 on input line 337.
Package textcomp Info: Setting pplj sub-encoding to TS1/3 on input line 338.
Package textcomp Info: Setting ptmx sub-encoding to TS1/4 on input line 339.
Package textcomp Info: Setting ptmj sub-encoding to TS1/4 on input line 340.
)
\g__file_internal_ior=\read1
Requested font "[FiraSansOT-Regular.otf]/ICU" at 10.0pt
 -> /usr/local/texlive/2014/texmf-dist/fonts/opentype/carrois/fira/FiraSansOT-R
egular.otf
\g_fontspec_family_FiraSansOT_int=\count145
Requested font "[FiraSansOT-Bold.otf]/ICU" at 10.0pt
 -> /usr/local/texlive/2014/texmf-dist/fonts/opentype/carrois/fira/FiraSansOT-B
old.otf
Requested font "[FiraSansOT-RegularItalic.otf]/ICU" at 10.0pt
 -> /usr/local/texlive/2014/texmf-dist/fonts/opentype/carrois/fira/FiraSansOT-R
egularItalic.otf
Requested font "[FiraSansOT-BoldItalic.otf]/ICU" at 10.0pt
 -> /usr/local/texlive/2014/texmf-dist/fonts/opentype/carrois/fira/FiraSansOT-B
oldItalic.otf
.................................................
. fontspec info: "defining-font"
. 
. Font family 'FiraSansOT(0)' created for font 'FiraSansOT' with options [
. Ligatures = TeX , Scale = 1, Extension = .otf , Numbers =
. {Proportional,OldStyle}, UprightFont = *-Regular, ItalicFont =
. *-RegularItalic , BoldFont = *-Bold, BoldItalicFont = *-BoldItalic , ].
. 
. This font family consists of the following shapes:
. 
. * 'normal' with NFSS spec.:
. 
. <->s*[1]"[FiraSansOT-Regular.otf]/ICU:script=latn;language=DFLT;mapping=tex-t
ext;+pnum;+onum;"
. 
. * 'small caps' with NFSS spec.:
. 
. <->s*[1]"[FiraSansOT-Regular.otf]/ICU:script=latn;language=DFLT;mapping=tex-t
ext;+pnum;+onum;+smcp;"
. 
. * 'bold' with NFSS spec.:
. 
. <->s*[1]"[FiraSansOT-Bold.otf]/ICU:script=latn;language=DFLT;mapping=tex-text
;+pnum;+onum;"
. 
. * 'bold small caps' with NFSS spec.:
. 
. <->s*[1]"[FiraSansOT-Bold.otf]/ICU:script=latn;language=DFLT;mapping=tex-text
;+pnum;+onum;+smcp;"
. 
. * 'italic' with NFSS spec.:
. 
. <->s*[1]"[FiraSansOT-RegularItalic.otf]/ICU:script=latn;language=DFLT;mapping
=tex-text;+pnum;+onum;"
. 
. * 'italic small caps' with NFSS spec.:
. 
. <->s*[1]"[FiraSansOT-RegularItalic.otf]/ICU:script=latn;language=DFLT;mapping
=tex-text;+pnum;+onum;+smcp;"
. 
. * 'bold italic' with NFSS spec.:
. 
. <->s*[1]"[FiraSansOT-BoldItalic.otf]/ICU:script=latn;language=DFLT;mapping=te
x-text;+pnum;+onum;"
. 
. * 'bold italic small caps' with NFSS spec.:
. 
. <->s*[1]"[FiraSansOT-BoldItalic.otf]/ICU:script=latn;language=DFLT;mapping=te
x-text;+pnum;+onum;+smcp;"
.................................................
.................................................
. fontspec info: "defining-font"
. 
. Font family 'FiraSansOT(0)' created for font 'FiraSansOT' with options [
. Ligatures = TeX , Scale = 1, Extension = .otf , Numbers =
. {Proportional,OldStyle}, UprightFont = *-Regular, ItalicFont =
. *-RegularItalic , BoldFont = *-Bold, BoldItalicFont = *-BoldItalic , ].
. 
. This font family consists of the following shapes:
.................................................
.................................................
. fontspec info: "defining-font"
. 
. Font family 'FiraSansOT(1)' created for font 'FiraSansOT' with options [
. Ligatures = TeX , Scale = 1, Extension = .otf , Numbers =
. {Proportional,Lining}, UprightFont = *-Regular, ItalicFont = *-RegularItalic
. , BoldFont = *-Bold, BoldItalicFont = *-BoldItalic , ].
. 
. This font family consists of the following shapes:
. 
. * 'normal' with NFSS spec.:
. 
. <->s*[1]"[FiraSansOT-Regular.otf]/ICU:script=latn;language=DFLT;mapping=tex-t
ext;+pnum;+lnum;"
. 
. * 'small caps' with NFSS spec.:
. 
. <->s*[1]"[FiraSansOT-Regular.otf]/ICU:script=latn;language=DFLT;mapping=tex-t
ext;+pnum;+lnum;+smcp;"
. 
. * 'bold' with NFSS spec.:
. 
. <->s*[1]"[FiraSansOT-Bold.otf]/ICU:script=latn;language=DFLT;mapping=tex-text
;+pnum;+lnum;"
. 
. * 'bold small caps' with NFSS spec.:
. 
. <->s*[1]"[FiraSansOT-Bold.otf]/ICU:script=latn;language=DFLT;mapping=tex-text
;+pnum;+lnum;+smcp;"
. 
. * 'italic' with NFSS spec.:
. 
. <->s*[1]"[FiraSansOT-RegularItalic.otf]/ICU:script=latn;language=DFLT;mapping
=tex-text;+pnum;+lnum;"
. 
. * 'italic small caps' with NFSS spec.:
. 
. <->s*[1]"[FiraSansOT-RegularItalic.otf]/ICU:script=latn;language=DFLT;mapping
=tex-text;+pnum;+lnum;+smcp;"
. 
. * 'bold italic' with NFSS spec.:
. 
. <->s*[1]"[FiraSansOT-BoldItalic.otf]/ICU:script=latn;language=DFLT;mapping=te
x-text;+pnum;+lnum;"
. 
. * 'bold italic small caps' with NFSS spec.:
. 
. <->s*[1]"[FiraSansOT-BoldItalic.otf]/ICU:script=latn;language=DFLT;mapping=te
x-text;+pnum;+lnum;+smcp;"
.................................................
.................................................
. fontspec info: "defining-font"
. 
. Font family 'FiraSansOT(2)' created for font 'FiraSansOT' with options [
. Ligatures = TeX , Scale = 1, Extension = .otf , Numbers =
. {Monospaced,OldStyle}, UprightFont = *-Regular, ItalicFont = *-RegularItalic
. , BoldFont = *-Bold, BoldItalicFont = *-BoldItalic , ].
. 
. This font family consists of the following shapes:
. 
. * 'normal' with NFSS spec.:
. 
. <->s*[1]"[FiraSansOT-Regular.otf]/ICU:script=latn;language=DFLT;mapping=tex-t
ext;+tnum;+onum;"
. 
. * 'small caps' with NFSS spec.:
. 
. <->s*[1]"[FiraSansOT-Regular.otf]/ICU:script=latn;language=DFLT;mapping=tex-t
ext;+tnum;+onum;+smcp;"
. 
. * 'bold' with NFSS spec.:
. 
. <->s*[1]"[FiraSansOT-Bold.otf]/ICU:script=latn;language=DFLT;mapping=tex-text
;+tnum;+onum;"
. 
. * 'bold small caps' with NFSS spec.:
. 
. <->s*[1]"[FiraSansOT-Bold.otf]/ICU:script=latn;language=DFLT;mapping=tex-text
;+tnum;+onum;+smcp;"
. 
. * 'italic' with NFSS spec.:
. 
. <->s*[1]"[FiraSansOT-RegularItalic.otf]/ICU:script=latn;language=DFLT;mapping
=tex-text;+tnum;+onum;"
. 
. * 'italic small caps' with NFSS spec.:
. 
. <->s*[1]"[FiraSansOT-RegularItalic.otf]/ICU:script=latn;language=DFLT;mapping
=tex-text;+tnum;+onum;+smcp;"
. 
. * 'bold italic' with NFSS spec.:
. 
. <->s*[1]"[FiraSansOT-BoldItalic.otf]/ICU:script=latn;language=DFLT;mapping=te
x-text;+tnum;+onum;"
. 
. * 'bold italic small caps' with NFSS spec.:
. 
. <->s*[1]"[FiraSansOT-BoldItalic.otf]/ICU:script=latn;language=DFLT;mapping=te
x-text;+tnum;+onum;+smcp;"
.................................................
.................................................
. fontspec info: "defining-font"
. 
. Font family 'FiraSansOT(0)' created for font 'FiraSansOT' with options [
. Ligatures = TeX , Scale = 1, Extension = .otf , Numbers =
. {Proportional,OldStyle}, UprightFont = *-Regular, ItalicFont =
. *-RegularItalic , BoldFont = *-Bold, BoldItalicFont = *-BoldItalic , ].
. 
. This font family consists of the following shapes:
.................................................
Requested font "[FiraSansOT-Light.otf]/ICU" at 10.0pt
 -> /usr/local/texlive/2014/texmf-dist/fonts/opentype/carrois/fira/FiraSansOT-L
ight.otf
Requested font "[FiraSansOT-LightItalic.otf]/ICU" at 10.0pt
 -> /usr/local/texlive/2014/texmf-dist/fonts/opentype/carrois/fira/FiraSansOT-L
ightItalic.otf
.................................................
. fontspec info: "defining-font"
. 
. Font family 'FiraSansOT(3)' created for font 'FiraSansOT' with options [
. Ligatures = TeX , Scale = 1, Extension = .otf , Numbers =
. {Proportional,OldStyle}, UprightFont = *-Light , ItalicFont = *-LightItalic
. , BoldFont = *-Bold, BoldItalicFont = *-BoldItalic , ].
. 
. This font family consists of the following shapes:
. 
. * 'normal' with NFSS spec.:
. 
. <->s*[1]"[FiraSansOT-Light.otf]/ICU:script=latn;language=DFLT;mapping=tex-tex
t;+pnum;+onum;"
. 
. * 'small caps' with NFSS spec.:
. 
. <->s*[1]"[FiraSansOT-Light.otf]/ICU:script=latn;language=DFLT;mapping=tex-tex
t;+pnum;+onum;+smcp;"
. 
. * 'bold' with NFSS spec.:
. 
. <->s*[1]"[FiraSansOT-Bold.otf]/ICU:script=latn;language=DFLT;mapping=tex-text
;+pnum;+onum;"
. 
. * 'bold small caps' with NFSS spec.:
. 
. <->s*[1]"[FiraSansOT-Bold.otf]/ICU:script=latn;language=DFLT;mapping=tex-text
;+pnum;+onum;+smcp;"
. 
. * 'italic' with NFSS spec.:
. 
. <->s*[1]"[FiraSansOT-LightItalic.otf]/ICU:script=latn;language=DFLT;mapping=t
ex-text;+pnum;+onum;"
. 
. * 'italic small caps' with NFSS spec.:
. 
. <->s*[1]"[FiraSansOT-LightItalic.otf]/ICU:script=latn;language=DFLT;mapping=t
ex-text;+pnum;+onum;+smcp;"
. 
. * 'bold italic' with NFSS spec.:
. 
. <->s*[1]"[FiraSansOT-BoldItalic.otf]/ICU:script=latn;language=DFLT;mapping=te
x-text;+pnum;+onum;"
. 
. * 'bold italic small caps' with NFSS spec.:
. 
. <->s*[1]"[FiraSansOT-BoldItalic.otf]/ICU:script=latn;language=DFLT;mapping=te
x-text;+pnum;+onum;+smcp;"
.................................................
Requested font "[FiraSansOT-Medium.otf]/ICU" at 10.0pt
 -> /usr/local/texlive/2014/texmf-dist/fonts/opentype/carrois/fira/FiraSansOT-M
edium.otf
Requested font "[FiraSansOT-MediumItalic.otf]/ICU" at 10.0pt
 -> /usr/local/texlive/2014/texmf-dist/fonts/opentype/carrois/fira/FiraSansOT-M
ediumItalic.otf
.................................................
. fontspec info: "defining-font"
. 
. Font family 'FiraSansOT(4)' created for font 'FiraSansOT' with options [
. Ligatures = TeX , Scale = 1, Extension = .otf , Numbers =
. {Proportional,OldStyle}, UprightFont = *-Medium , ItalicFont =
. *-MediumItalic , BoldFont = *-Bold, BoldItalicFont = *-BoldItalic , ].
. 
. This font family consists of the following shapes:
. 
. * 'normal' with NFSS spec.:
. 
. <->s*[1]"[FiraSansOT-Medium.otf]/ICU:script=latn;language=DFLT;mapping=tex-te
xt;+pnum;+onum;"
. 
. * 'small caps' with NFSS spec.:
. 
. <->s*[1]"[FiraSansOT-Medium.otf]/ICU:script=latn;language=DFLT;mapping=tex-te
xt;+pnum;+onum;+smcp;"
. 
. * 'bold' with NFSS spec.:
. 
. <->s*[1]"[FiraSansOT-Bold.otf]/ICU:script=latn;language=DFLT;mapping=tex-text
;+pnum;+onum;"
. 
. * 'bold small caps' with NFSS spec.:
. 
. <->s*[1]"[FiraSansOT-Bold.otf]/ICU:script=latn;language=DFLT;mapping=tex-text
;+pnum;+onum;+smcp;"
. 
. * 'italic' with NFSS spec.:
. 
. <->s*[1]"[FiraSansOT-MediumItalic.otf]/ICU:script=latn;language=DFLT;mapping=
tex-text;+pnum;+onum;"
. 
. * 'italic small caps' with NFSS spec.:
. 
. <->s*[1]"[FiraSansOT-MediumItalic.otf]/ICU:script=latn;language=DFLT;mapping=
tex-text;+pnum;+onum;+smcp;"
. 
. * 'bold italic' with NFSS spec.:
. 
. <->s*[1]"[FiraSansOT-BoldItalic.otf]/ICU:script=latn;language=DFLT;mapping=te
x-text;+pnum;+onum;"
. 
. * 'bold italic small caps' with NFSS spec.:
. 
. <->s*[1]"[FiraSansOT-BoldItalic.otf]/ICU:script=latn;language=DFLT;mapping=te
x-text;+pnum;+onum;+smcp;"
.................................................
)

LaTeX Warning: Unused global option(s):
    [a4paper,titlepage=false].

No file leis-exemplo.aux.
\openout1 = `leis-exemplo.aux'.

LaTeX Font Info:    Checking defaults for OML/cmm/m/it on input line 10.
LaTeX Font Info:    ... okay on input line 10.
LaTeX Font Info:    Checking defaults for T1/cmr/m/n on input line 10.
LaTeX Font Info:    ... okay on input line 10.
LaTeX Font Info:    Checking defaults for OT1/cmr/m/n on input line 10.
LaTeX Font Info:    ... okay on input line 10.
LaTeX Font Info:    Checking defaults for OMS/cmsy/m/n on input line 10.
LaTeX Font Info:    ... okay on input line 10.
LaTeX Font Info:    Checking defaults for OMX/cmex/m/n on input line 10.
LaTeX Font Info:    ... okay on input line 10.
LaTeX Font Info:    Checking defaults for U/cmr/m/n on input line 10.
LaTeX Font Info:    ... okay on input line 10.
LaTeX Font Info:    Checking defaults for EU1/lmr/m/n on input line 10.
LaTeX Font Info:    ... okay on input line 10.
LaTeX Font Info:    Checking defaults for T3/cmr/m/n on input line 10.
LaTeX Font Info:    Try loading font information for T3+cmr on input line 10.
(/usr/local/texlive/2014/texmf-dist/tex/latex/tipa/t3cmr.fd
File: t3cmr.fd 2001/12/31 TIPA font definitions
)
LaTeX Font Info:    ... okay on input line 10.
LaTeX Font Info:    Checking defaults for TS1/cmr/m/n on input line 10.
LaTeX Font Info:    Try loading font information for TS1+cmr on input line 10.

(/usr/local/texlive/2014/texmf-dist/tex/latex/base/ts1cmr.fd
File: ts1cmr.fd 1999/05/25 v2.5h Standard LaTeX font definitions
)
LaTeX Font Info:    ... okay on input line 10.
LaTeX Font Info:    Font shape `EU1/FiraSansOT(0)/m/n' will be
(Font)              scaled to size 10.95pt on input line 10.
Requested font "[FiraSansOT-Regular.otf]/ICU:script=latn;language=DFLT;mapping=
tex-text;+pnum;+onum;" at 10.95pt
 -> /usr/local/texlive/2014/texmf-dist/fonts/opentype/carrois/fira/FiraSansOT-R
egular.otf
Requested font "[lmroman10-regular]:mapping=tex-text" at 10.95pt
 -> /usr/local/texlive/2014/texmf-dist/fonts/opentype/public/lm/lmroman10-regul
ar.otf
Requested font "[lmroman10-bold]:mapping=tex-text" at 10.95pt
 -> /usr/local/texlive/2014/texmf-dist/fonts/opentype/public/lm/lmroman10-bold.
otf
LaTeX Font Info:    Font shape `EU1/FiraSansOT(0)/bx/n' will be
(Font)              scaled to size 10.95pt on input line 19.
Requested font "[FiraSansOT-Bold.otf]/ICU:script=latn;language=DFLT;mapping=tex
-text;+pnum;+onum;" at 10.95pt
 -> /usr/local/texlive/2014/texmf-dist/fonts/opentype/carrois/fira/FiraSansOT-B
old.otf
LaTeX Font Info:    Font shape `EU1/FiraSansOT(0)/bx/n' will be
(Font)              scaled to size 20.74pt on input line 19.
Requested font "[FiraSansOT-Bold.otf]/ICU:script=latn;language=DFLT;mapping=tex
-text;+pnum;+onum;" at 20.74pt
 -> /usr/local/texlive/2014/texmf-dist/fonts/opentype/carrois/fira/FiraSansOT-B
old.otf
LaTeX Font Info:    Try loading font information for OT1+lmr on input line 21.

(/usr/local/texlive/2014/texmf-dist/tex/latex/lm/ot1lmr.fd
File: ot1lmr.fd 2009/10/30 v1.6 Font defs for Latin Modern
)
Requested font "rm-lmr10" at 10.95pt
 -> /usr/local/texlive/2014/texmf-dist/fonts/tfm/public/lm/rm-lmr10.tfm
Requested font "rm-lmr8" at 8.0pt
 -> /usr/local/texlive/2014/texmf-dist/fonts/tfm/public/lm/rm-lmr8.tfm
Requested font "rm-lmr6" at 6.0pt
 -> /usr/local/texlive/2014/texmf-dist/fonts/tfm/public/lm/rm-lmr6.tfm
LaTeX Font Info:    Try loading font information for OML+lmm on input line 21.

(/usr/local/texlive/2014/texmf-dist/tex/latex/lm/omllmm.fd
File: omllmm.fd 2009/10/30 v1.6 Font defs for Latin Modern
)
Requested font "lmmi10" at 10.95pt
 -> /usr/local/texlive/2014/texmf-dist/fonts/tfm/public/lm/lmmi10.tfm
Requested font "lmmi8" at 8.0pt
 -> /usr/local/texlive/2014/texmf-dist/fonts/tfm/public/lm/lmmi8.tfm
Requested font "lmmi6" at 6.0pt
 -> /usr/local/texlive/2014/texmf-dist/fonts/tfm/public/lm/lmmi6.tfm
LaTeX Font Info:    Try loading font information for OMS+lmsy on input line 21.


(/usr/local/texlive/2014/texmf-dist/tex/latex/lm/omslmsy.fd
File: omslmsy.fd 2009/10/30 v1.6 Font defs for Latin Modern
)
Requested font "lmsy10" at 10.95pt
 -> /usr/local/texlive/2014/texmf-dist/fonts/tfm/public/lm/lmsy10.tfm
Requested font "lmsy8" at 8.0pt
 -> /usr/local/texlive/2014/texmf-dist/fonts/tfm/public/lm/lmsy8.tfm
Requested font "lmsy6" at 6.0pt
 -> /usr/local/texlive/2014/texmf-dist/fonts/tfm/public/lm/lmsy6.tfm
LaTeX Font Info:    Try loading font information for OMX+lmex on input line 21.


(/usr/local/texlive/2014/texmf-dist/tex/latex/lm/omxlmex.fd
File: omxlmex.fd 2009/10/30 v1.6 Font defs for Latin Modern
)
LaTeX Font Info:    External font `lmex10' loaded for size
(Font)              <10.95> on input line 21.
Requested font "lmex10" scaled 1000
 -> /usr/local/texlive/2014/texmf-dist/fonts/tfm/public/lm/lmex10.tfm
LaTeX Font Info:    External font `lmex10' loaded for size
(Font)              <8> on input line 21.
LaTeX Font Info:    External font `lmex10' loaded for size
(Font)              <6> on input line 21.

Capítulo I.
Requested font "[lmroman12-regular]:mapping=tex-text" at 14.4pt
 -> /usr/local/texlive/2014/texmf-dist/fonts/opentype/public/lm/lmroman12-regul
ar.otf
Requested font "[lmroman12-bold]:mapping=tex-text" at 14.4pt
 -> /usr/local/texlive/2014/texmf-dist/fonts/opentype/public/lm/lmroman12-bold.
otf
LaTeX Font Info:    Font shape `EU1/FiraSansOT(0)/bx/n' will be
(Font)              scaled to size 14.4pt on input line 26.
Requested font "[FiraSansOT-Bold.otf]/ICU:script=latn;language=DFLT;mapping=tex
-text;+pnum;+onum;" at 14.4pt
 -> /usr/local/texlive/2014/texmf-dist/fonts/opentype/carrois/fira/FiraSansOT-B
old.otf
Capítulo II.
Requested font "[lmroman12-regular]:mapping=tex-text" at 12.0pt
 -> /usr/local/texlive/2014/texmf-dist/fonts/opentype/public/lm/lmroman12-regul
ar.otf
Requested font "[lmroman12-bold]:mapping=tex-text" at 12.0pt
 -> /usr/local/texlive/2014/texmf-dist/fonts/opentype/public/lm/lmroman12-bold.
otf
LaTeX Font Info:    Font shape `EU1/FiraSansOT(0)/bx/n' will be
(Font)              scaled to size 12.0pt on input line 53.
Requested font "[FiraSansOT-Bold.otf]/ICU:script=latn;language=DFLT;mapping=tex
-text;+pnum;+onum;" at 12.0pt
 -> /usr/local/texlive/2014/texmf-dist/fonts/opentype/carrois/fira/FiraSansOT-B
old.otf

Underfull \vbox (badness 8132) has occurred while \output is active []

 [1

]
Underfull \vbox (badness 10000) has occurred while \output is active []

LaTeX Font Info:    Font shape `EU1/FiraSansOT(0)/m/sl' in size <10.95> not ava
ilable
(Font)              Font shape `EU1/FiraSansOT(0)/m/it' tried instead on input 
line 80.
LaTeX Font Info:    Font shape `EU1/FiraSansOT(0)/m/it' will be
(Font)              scaled to size 10.95pt on input line 80.
Requested font "[FiraSansOT-RegularItalic.otf]/ICU:script=latn;language=DFLT;ma
pping=tex-text;+pnum;+onum;" at 10.95pt
 -> /usr/local/texlive/2014/texmf-dist/fonts/opentype/carrois/fira/FiraSansOT-R
egularItalic.otf
Requested font "[lmromanslant10-regular]:mapping=tex-text" at 10.95pt
 -> /usr/local/texlive/2014/texmf-dist/fonts/opentype/public/lm/lmromanslant10-
regular.otf
Requested font "[lmroman10-italic]:mapping=tex-text" at 10.95pt
 -> /usr/local/texlive/2014/texmf-dist/fonts/opentype/public/lm/lmroman10-itali
c.otf
 [2]
Underfull \vbox (badness 10000) has occurred while \output is active []

 [3]
Underfull \vbox (badness 10000) has occurred while \output is active []

 [4]
Underfull \vbox (badness 10000) has occurred while \output is active []

 [5]
Underfull \vbox (badness 10000) has occurred while \output is active []

 [6]
[7] (./leis-exemplo.aux)

LaTeX Warning: Label(s) may have changed. Rerun to get cross-references right.

 )
(\end occurred when \iftrue on line 51 was incomplete)
(\end occurred when \iftrue on line 26 was incomplete) 
Here is how much of TeX's memory you used:
 16926 strings out of 493734
 338110 string characters out of 6146348
 439314 words of memory out of 5000000
 20077 multiletter control sequences out of 15000+600000
 15643 words of font info for 54 fonts, out of 8000000 for 9000
 1328 hyphenation exceptions out of 8191
 65i,8n,58p,10415b,254s stack positions out of 5000i,500n,10000p,200000b,80000s

Output written on leis-exemplo.pdf (7 pages).
